<?xml version="1.0" encoding="UTF-8"?>
<testsuite xmlns:xsi="http://www.w3.org/2001/XMLSchema-instance" xsi:noNamespaceSchemaLocation="https://maven.apache.org/surefire/maven-surefire-plugin/xsd/surefire-test-report-3.0.xsd" version="3.0" name="com.luv2code.junitdemo.DemoUtilsTest" time="2.914" tests="10" errors="0" skipped="0" failures="0">
  <properties>
    <property name="sun.desktop" value="gnome"/>
    <property name="awt.toolkit" value="sun.awt.X11.XToolkit"/>
    <property name="java.specification.version" value="11"/>
    <property name="sun.cpu.isalist" value=""/>
    <property name="sun.jnu.encoding" value="UTF-8"/>
    <property name="java.class.path" value="/home/fgb/Documentos/proyectos/spring-boot-unit-testing-main/1.00-starting-project/target/test-classes:/home/fgb/Documentos/proyectos/spring-boot-unit-testing-main/1.00-starting-project/target/classes:/home/fgb/.m2/repository/org/junit/jupiter/junit-jupiter/5.8.2/junit-jupiter-5.8.2.jar:/home/fgb/.m2/repository/org/junit/jupiter/junit-jupiter-api/5.8.2/junit-jupiter-api-5.8.2.jar:/home/fgb/.m2/repository/org/opentest4j/opentest4j/1.2.0/opentest4j-1.2.0.jar:/home/fgb/.m2/repository/org/junit/platform/junit-platform-commons/1.8.2/junit-platform-commons-1.8.2.jar:/home/fgb/.m2/repository/org/apiguardian/apiguardian-api/1.1.2/apiguardian-api-1.1.2.jar:/home/fgb/.m2/repository/org/junit/jupiter/junit-jupiter-params/5.8.2/junit-jupiter-params-5.8.2.jar:/home/fgb/.m2/repository/org/junit/jupiter/junit-jupiter-engine/5.8.2/junit-jupiter-engine-5.8.2.jar:/home/fgb/.m2/repository/org/junit/platform/junit-platform-engine/1.8.2/junit-platform-engine-1.8.2.jar:"/>
    <property name="java.vm.vendor" value="Debian"/>
    <property name="sun.arch.data.model" value="64"/>
    <property name="java.vendor.url" value="https://tracker.debian.org/openjdk-11"/>
    <property name="user.timezone" value=""/>
    <property name="java.vm.specification.version" value="11"/>
    <property name="os.name" value="Linux"/>
    <property name="sun.java.launcher" value="SUN_STANDARD"/>
    <property name="user.country" value="MX"/>
    <property name="sun.boot.library.path" value="/usr/lib/jvm/java-11-openjdk-amd64/lib"/>
    <property name="sun.java.command" value="/home/fgb/Documentos/proyectos/spring-boot-unit-testing-main/1.00-starting-project/target/surefire/surefirebooter16138910766166843261.jar /home/fgb/Documentos/proyectos/spring-boot-unit-testing-main/1.00-starting-project/target/surefire 2023-03-27T13-10-56_193-jvmRun1 surefire291426784424012680tmp surefire_09377292041776032765tmp"/>
    <property name="jdk.debug" value="release"/>
    <property name="surefire.test.class.path" value="/home/fgb/Documentos/proyectos/spring-boot-unit-testing-main/1.00-starting-project/target/test-classes:/home/fgb/Documentos/proyectos/spring-boot-unit-testing-main/1.00-starting-project/target/classes:/home/fgb/.m2/repository/org/junit/jupiter/junit-jupiter/5.8.2/junit-jupiter-5.8.2.jar:/home/fgb/.m2/repository/org/junit/jupiter/junit-jupiter-api/5.8.2/junit-jupiter-api-5.8.2.jar:/home/fgb/.m2/repository/org/opentest4j/opentest4j/1.2.0/opentest4j-1.2.0.jar:/home/fgb/.m2/repository/org/junit/platform/junit-platform-commons/1.8.2/junit-platform-commons-1.8.2.jar:/home/fgb/.m2/repository/org/apiguardian/apiguardian-api/1.1.2/apiguardian-api-1.1.2.jar:/home/fgb/.m2/repository/org/junit/jupiter/junit-jupiter-params/5.8.2/junit-jupiter-params-5.8.2.jar:/home/fgb/.m2/repository/org/junit/jupiter/junit-jupiter-engine/5.8.2/junit-jupiter-engine-5.8.2.jar:/home/fgb/.m2/repository/org/junit/platform/junit-platform-engine/1.8.2/junit-platform-engine-1.8.2.jar:"/>
    <property name="sun.cpu.endian" value="little"/>
    <property name="user.home" value="/home/fgb"/>
    <property name="user.language" value="es"/>
    <property name="java.specification.vendor" value="Oracle Corporation"/>
    <property name="java.version.date" value="2023-01-17"/>
    <property name="java.home" value="/usr/lib/jvm/java-11-openjdk-amd64"/>
    <property name="file.separator" value="/"/>
    <property name="basedir" value="/home/fgb/Documentos/proyectos/spring-boot-unit-testing-main/1.00-starting-project"/>
    <property name="java.vm.compressedOopsMode" value="32-bit"/>
    <property name="line.separator" value="&#10;"/>
    <property name="java.specification.name" value="Java Platform API Specification"/>
    <property name="java.vm.specification.vendor" value="Oracle Corporation"/>
    <property name="java.awt.graphicsenv" value="sun.awt.X11GraphicsEnvironment"/>
    <property name="surefire.real.class.path" value="/home/fgb/Documentos/proyectos/spring-boot-unit-testing-main/1.00-starting-project/target/surefire/surefirebooter16138910766166843261.jar"/>
    <property name="sun.management.compiler" value="HotSpot 64-Bit Tiered Compilers"/>
    <property name="java.runtime.version" value="11.0.18+10-post-Debian-1deb11u1"/>
    <property name="user.name" value="fgb"/>
    <property name="path.separator" value=":"/>
    <property name="os.version" value="5.10.0-21-amd64"/>
    <property name="java.runtime.name" value="OpenJDK Runtime Environment"/>
    <property name="file.encoding" value="UTF-8"/>
    <property name="java.vm.name" value="OpenJDK 64-Bit Server VM"/>
    <property name="localRepository" value="/home/fgb/.m2/repository"/>
    <property name="java.vendor.url.bug" value="https://bugs.debian.org/openjdk-11"/>
    <property name="java.io.tmpdir" value="/tmp"/>
    <property name="java.version" value="11.0.18"/>
    <property name="user.dir" value="/home/fgb/Documentos/proyectos/spring-boot-unit-testing-main/1.00-starting-project"/>
    <property name="os.arch" value="amd64"/>
    <property name="java.vm.specification.name" value="Java Virtual Machine Specification"/>
    <property name="java.awt.printerjob" value="sun.print.PSPrinterJob"/>
    <property name="sun.os.patch.level" value="unknown"/>
    <property name="java.library.path" value="/usr/java/packages/lib:/usr/lib/x86_64-linux-gnu/jni:/lib/x86_64-linux-gnu:/usr/lib/x86_64-linux-gnu:/usr/lib/jni:/lib:/usr/lib"/>
    <property name="java.vm.info" value="mixed mode, sharing"/>
    <property name="java.vendor" value="Debian"/>
    <property name="java.vm.version" value="11.0.18+10-post-Debian-1deb11u1"/>
    <property name="sun.io.unicode.encoding" value="UnicodeLittle"/>
    <property name="java.class.version" value="55.0"/>
  </properties>
  <testcase name="Null and Not Null" classname="com.luv2code.junitdemo.DemoUtilsTest" time="0.496"/>
  <testcase name="Equals and Not Equals" classname="com.luv2code.junitdemo.DemoUtilsTest" time="0.01"/>
  <testcase name="Timeout" classname="com.luv2code.junitdemo.DemoUtilsTest" time="2.042">
    <system-out><![CDATA[I am going to sleep
Sleeping over
]]></system-out>
  </testcase>
  <testcase name="Same and Not Same" classname="com.luv2code.junitdemo.DemoUtilsTest" time="0.004"/>
  <testcase name="Array Equals" classname="com.luv2code.junitdemo.DemoUtilsTest" time="0.014"/>
  <testcase name="Lines match" classname="com.luv2code.junitdemo.DemoUtilsTest" time="0.196"/>
  <testcase name="Throws and Does not Throw" classname="com.luv2code.junitdemo.DemoUtilsTest" time="0.006"/>
  <testcase name="Iterable equals" classname="com.luv2code.junitdemo.DemoUtilsTest" time="0.004"/>
  <testcase name="Multiply" classname="com.luv2code.junitdemo.DemoUtilsTest" time="0.002"/>
  <testcase name="True and False" classname="com.luv2code.junitdemo.DemoUtilsTest" time="0.004"/>
</testsuite>